[2020-09-22 04:28:38] local.ERROR: InvalidArgumentException: Please provide a valid cache path. in C:\xampp\htdocs\laravel-auth\vendor\laravel\framework\src\Illuminate\View\Compilers\Compiler.php:36
Stack trace:
#0 C:\xampp\htdocs\laravel-auth\vendor\laravel\framework\src\Illuminate\View\ViewServiceProvider.php(128): Illuminate\View\Compilers\Compiler->__construct(Object(Illuminate\Filesystem\Filesystem), false)
#1 C:\xampp\htdocs\laravel-auth\vendor\laravel\framework\src\Illuminate\Container\Container.php(726): Illuminate\View\ViewServiceProvider->Illuminate\View\{closure}(Object(Illuminate\Foundation\Application), Array)
#2 C:\xampp\htdocs\laravel-auth\vendor\laravel\framework\src\Illuminate\Container\Container.php(608): Illuminate\Container\Container->build(Object(Closure))
#3 C:\xampp\htdocs\laravel-auth\vendor\laravel\framework\src\Illuminate\Container\Container.php(575): Illuminate\Container\Container->resolve('blade.compiler')
#4 C:\xampp\htdocs\laravel-auth\vendor\laravel\framework\src\Illuminate\Foundation\Application.php(728): Illuminate\Container\Container->make('blade.compiler')
#5 C:\xampp\htdocs\laravel-auth\vendor\laravel\framework\src\Illuminate\Container\Container.php(1172): Illuminate\Foundation\Application->make('blade.compiler')
#6 C:\xampp\htdocs\laravel-auth\vendor\laravel\framework\src\Illuminate\View\ViewServiceProvider.php(133): Illuminate\Container\Container->offsetGet('blade.compiler')
#7 [internal function]: Illuminate\View\ViewServiceProvider->Illuminate\View\{closure}()
#8 C:\xampp\htdocs\laravel-auth\vendor\laravel\framework\src\Illuminate\View\Engines\EngineResolver.php(54): call_user_func(Object(Closure))
#9 C:\xampp\htdocs\laravel-auth\vendor\jeremykenedy\laravel-roles\src\RolesServiceProvider.php(68): Illuminate\View\Engines\EngineResolver->resolve('blade')
#10 C:\xampp\htdocs\laravel-auth\vendor\jeremykenedy\laravel-roles\src\RolesServiceProvider.php(25): jeremykenedy\LaravelRoles\RolesServiceProvider->registerBladeExtensions()
#11 [internal function]: jeremykenedy\LaravelRoles\RolesServiceProvider->boot()
#12 C:\xampp\htdocs\laravel-auth\vendor\laravel\framework\src\Illuminate\Container\BoundMethod.php(29): call_user_func_array(Array, Array)
#13 C:\xampp\htdocs\laravel-auth\vendor\laravel\framework\src\Illuminate\Container\BoundMethod.php(87): Illuminate\Container\BoundMethod::Illuminate\Container\{closure}()
#14 C:\xampp\htdocs\laravel-auth\vendor\laravel\framework\src\Illuminate\Container\BoundMethod.php(31): Illuminate\Container\BoundMethod::callBoundMethod(Object(Illuminate\Foundation\Application), Array, Object(Closure))
#15 C:\xampp\htdocs\laravel-auth\vendor\laravel\framework\src\Illuminate\Container\Container.php(539): Illuminate\Container\BoundMethod::call(Object(Illuminate\Foundation\Application), Array, Array, NULL)
#16 C:\xampp\htdocs\laravel-auth\vendor\laravel\framework\src\Illuminate\Foundation\Application.php(788): Illuminate\Container\Container->call(Array)
#17 C:\xampp\htdocs\laravel-auth\vendor\laravel\framework\src\Illuminate\Foundation\Application.php(771): Illuminate\Foundation\Application->bootProvider(Object(jeremykenedy\LaravelRoles\RolesServiceProvider))
#18 [internal function]: Illuminate\Foundation\Application->Illuminate\Foundation\{closure}(Object(jeremykenedy\LaravelRoles\RolesServiceProvider), 19)
#19 C:\xampp\htdocs\laravel-auth\vendor\laravel\framework\src\Illuminate\Foundation\Application.php(772): array_walk(Array, Object(Closure))
#20 C:\xampp\htdocs\laravel-auth\vendor\laravel\framework\src\Illuminate\Foundation\Bootstrap\BootProviders.php(17): Illuminate\Foundation\Application->boot()
#21 C:\xampp\htdocs\laravel-auth\vendor\laravel\framework\src\Illuminate\Foundation\Application.php(208): Illuminate\Foundation\Bootstrap\BootProviders->bootstrap(Object(Illuminate\Foundation\Application))
#22 C:\xampp\htdocs\laravel-auth\vendor\laravel\framework\src\Illuminate\Foundation\Console\Kernel.php(267): Illuminate\Foundation\Application->bootstrapWith(Array)
#23 C:\xampp\htdocs\laravel-auth\vendor\laravel\framework\src\Illuminate\Foundation\Console\Kernel.php(114): Illuminate\Foundation\Console\Kernel->bootstrap()
#24 C:\xampp\htdocs\laravel-auth\artisan(35): Illuminate\Foundation\Console\Kernel->handle(Object(Symfony\Component\Console\Input\ArgvInput), Object(Symfony\Component\Console\Output\ConsoleOutput))
#25 {main} [] []
[2020-09-22 04:32:35] local.ERROR: InvalidArgumentException: Please provide a valid cache path. in C:\xampp\htdocs\laravel-auth\vendor\laravel\framework\src\Illuminate\View\Compilers\Compiler.php:36
Stack trace:
#0 C:\xampp\htdocs\laravel-auth\vendor\laravel\framework\src\Illuminate\View\ViewServiceProvider.php(128): Illuminate\View\Compilers\Compiler->__construct(Object(Illuminate\Filesystem\Filesystem), false)
#1 C:\xampp\htdocs\laravel-auth\vendor\laravel\framework\src\Illuminate\Container\Container.php(726): Illuminate\View\ViewServiceProvider->Illuminate\View\{closure}(Object(Illuminate\Foundation\Application), Array)
#2 C:\xampp\htdocs\laravel-auth\vendor\laravel\framework\src\Illuminate\Container\Container.php(608): Illuminate\Container\Container->build(Object(Closure))
#3 C:\xampp\htdocs\laravel-auth\vendor\laravel\framework\src\Illuminate\Container\Container.php(575): Illuminate\Container\Container->resolve('blade.compiler')
#4 C:\xampp\htdocs\laravel-auth\vendor\laravel\framework\src\Illuminate\Foundation\Application.php(728): Illuminate\Container\Container->make('blade.compiler')
#5 C:\xampp\htdocs\laravel-auth\vendor\laravel\framework\src\Illuminate\Container\Container.php(1172): Illuminate\Foundation\Application->make('blade.compiler')
#6 C:\xampp\htdocs\laravel-auth\vendor\laravel\framework\src\Illuminate\View\ViewServiceProvider.php(133): Illuminate\Container\Container->offsetGet('blade.compiler')
#7 [internal function]: Illuminate\View\ViewServiceProvider->Illuminate\View\{closure}()
#8 C:\xampp\htdocs\laravel-auth\vendor\laravel\framework\src\Illuminate\View\Engines\EngineResolver.php(54): call_user_func(Object(Closure))
#9 C:\xampp\htdocs\laravel-auth\vendor\jeremykenedy\laravel-roles\src\RolesServiceProvider.php(68): Illuminate\View\Engines\EngineResolver->resolve('blade')
#10 C:\xampp\htdocs\laravel-auth\vendor\jeremykenedy\laravel-roles\src\RolesServiceProvider.php(25): jeremykenedy\LaravelRoles\RolesServiceProvider->registerBladeExtensions()
#11 [internal function]: jeremykenedy\LaravelRoles\RolesServiceProvider->boot()
#12 C:\xampp\htdocs\laravel-auth\vendor\laravel\framework\src\Illuminate\Container\BoundMethod.php(29): call_user_func_array(Array, Array)
#13 C:\xampp\htdocs\laravel-auth\vendor\laravel\framework\src\Illuminate\Container\BoundMethod.php(87): Illuminate\Container\BoundMethod::Illuminate\Container\{closure}()
#14 C:\xampp\htdocs\laravel-auth\vendor\laravel\framework\src\Illuminate\Container\BoundMethod.php(31): Illuminate\Container\BoundMethod::callBoundMethod(Object(Illuminate\Foundation\Application), Array, Object(Closure))
#15 C:\xampp\htdocs\laravel-auth\vendor\laravel\framework\src\Illuminate\Container\Container.php(539): Illuminate\Container\BoundMethod::call(Object(Illuminate\Foundation\Application), Array, Array, NULL)
#16 C:\xampp\htdocs\laravel-auth\vendor\laravel\framework\src\Illuminate\Foundation\Application.php(788): Illuminate\Container\Container->call(Array)
#17 C:\xampp\htdocs\laravel-auth\vendor\laravel\framework\src\Illuminate\Foundation\Application.php(771): Illuminate\Foundation\Application->bootProvider(Object(jeremykenedy\LaravelRoles\RolesServiceProvider))
#18 [internal function]: Illuminate\Foundation\Application->Illuminate\Foundation\{closure}(Object(jeremykenedy\LaravelRoles\RolesServiceProvider), 19)
#19 C:\xampp\htdocs\laravel-auth\vendor\laravel\framework\src\Illuminate\Foundation\Application.php(772): array_walk(Array, Object(Closure))
#20 C:\xampp\htdocs\laravel-auth\vendor\laravel\framework\src\Illuminate\Foundation\Bootstrap\BootProviders.php(17): Illuminate\Foundation\Application->boot()
#21 C:\xampp\htdocs\laravel-auth\vendor\laravel\framework\src\Illuminate\Foundation\Application.php(208): Illuminate\Foundation\Bootstrap\BootProviders->bootstrap(Object(Illuminate\Foundation\Application))
#22 C:\xampp\htdocs\laravel-auth\vendor\laravel\framework\src\Illuminate\Foundation\Console\Kernel.php(267): Illuminate\Foundation\Application->bootstrapWith(Array)
#23 C:\xampp\htdocs\laravel-auth\vendor\laravel\framework\src\Illuminate\Foundation\Console\Kernel.php(114): Illuminate\Foundation\Console\Kernel->bootstrap()
#24 C:\xampp\htdocs\laravel-auth\artisan(35): Illuminate\Foundation\Console\Kernel->handle(Object(Symfony\Component\Console\Input\ArgvInput), Object(Symfony\Component\Console\Output\ConsoleOutput))
#25 {main} [] []
